  Actor.cpp
C:\Users\TIGA\Documents\GitHub\CreateGameInVisualStudio\Master\Chapter3_Game\AvoidAsteroidGame\AvoidAsteroidGame\Game.h(6,10): fatal  error C1083: include ファイルを開けません。'SDL.h':No such file or directory
  Asteroid.cpp
C:\Users\TIGA\Documents\GitHub\CreateGameInVisualStudio\Master\Chapter3_Game\AvoidAsteroidGame\AvoidAsteroidGame\SpriteComponent.h(6,10): fatal  error C1083: include ファイルを開けません。'SDL.h':No such file or directory
  BGSpriteComponent.cpp
C:\Users\TIGA\Documents\GitHub\CreateGameInVisualStudio\Master\Chapter3_Game\AvoidAsteroidGame\AvoidAsteroidGame\SpriteComponent.h(6,10): fatal  error C1083: include ファイルを開けません。'SDL.h':No such file or directory
  CircleComponent.cpp
  Component.cpp
  Game.cpp
C:\Users\TIGA\Documents\GitHub\CreateGameInVisualStudio\Master\Chapter3_Game\AvoidAsteroidGame\AvoidAsteroidGame\Game.h(6,10): fatal  error C1083: include ファイルを開けません。'SDL.h':No such file or directory
  InputComponent.cpp
  Laser.cpp
C:\Users\TIGA\Documents\GitHub\CreateGameInVisualStudio\Master\Chapter3_Game\AvoidAsteroidGame\AvoidAsteroidGame\SpriteComponent.h(6,10): fatal  error C1083: include ファイルを開けません。'SDL.h':No such file or directory
  Main.cpp
C:\Users\TIGA\Documents\GitHub\CreateGameInVisualStudio\Master\Chapter3_Game\AvoidAsteroidGame\AvoidAsteroidGame\Game.h(6,10): fatal  error C1083: include ファイルを開けません。'SDL.h':No such file or directory
  Math.cpp
  MoveComponent.cpp
  Random.cpp
  RepairItem.cpp
C:\Users\TIGA\Documents\GitHub\CreateGameInVisualStudio\Master\Chapter3_Game\AvoidAsteroidGame\AvoidAsteroidGame\SpriteComponent.h(6,10): fatal  error C1083: include ファイルを開けません。'SDL.h':No such file or directory
  Ship.cpp
C:\Users\TIGA\Documents\GitHub\CreateGameInVisualStudio\Master\Chapter3_Game\AvoidAsteroidGame\AvoidAsteroidGame\Ship.h(5,10): fatal  error C1083: include ファイルを開けません。'SDL.h':No such file or directory
  SpriteComponent.cpp
C:\Users\TIGA\Documents\GitHub\CreateGameInVisualStudio\Master\Chapter3_Game\AvoidAsteroidGame\AvoidAsteroidGame\SpriteComponent.h(6,10): fatal  error C1083: include ファイルを開けません。'SDL.h':No such file or directory
